INFO 2020-01-02-10-41-33 root.py[line:195] 读取配置文件：{"register": "3007", "ip": "127.0.0.1", "port": "7007", "useHeartBeat": 1, "heartBeatContent": "11", "heartBeatTime": 6, "status": -2}
INFO 2020-01-02-10-41-36 root.py[line:68] 开始socket线程：socketThread
INFO 2020-01-02-10-41-36 root.py[line:111] 发送心跳：11
INFO 2020-01-02-10-41-36 root.py[line:153] socket连接成功
INFO 2020-01-02-10-41-36 root.py[line:160] COM2打开成功
INFO 2020-01-02-10-41-42 root.py[line:111] 发送心跳：11
INFO 2020-01-02-10-41-48 root.py[line:111] 发送心跳：11
INFO 2020-01-02-10-41-54 root.py[line:111] 发送心跳：11
INFO 2020-01-02-10-42-00 root.py[line:111] 发送心跳：11
INFO 2020-01-02-10-42-06 root.py[line:111] 发送心跳：11
INFO 2020-01-02-10-42-12 root.py[line:111] 发送心跳：11
INFO 2020-01-02-10-42-18 root.py[line:111] 发送心跳：11
INFO 2020-01-02-10-42-24 root.py[line:111] 发送心跳：11
INFO 2020-01-02-10-42-30 root.py[line:111] 发送心跳：11
INFO 2020-01-02-10-42-36 root.py[line:111] 发送心跳：11
INFO 2020-01-02-10-42-42 root.py[line:111] 发送心跳：11
INFO 2020-01-02-10-42-48 root.py[line:111] 发送心跳：11
INFO 2020-01-02-10-42-54 root.py[line:111] 发送心跳：11
INFO 2020-01-02-10-43-00 root.py[line:111] 发送心跳：11
INFO 2020-01-02-10-43-06 root.py[line:111] 发送心跳：11
INFO 2020-01-02-10-43-12 root.py[line:111] 发送心跳：11
INFO 2020-01-02-10-43-18 root.py[line:111] 发送心跳：11
INFO 2020-01-02-10-43-24 root.py[line:111] 发送心跳：11
INFO 2020-01-02-10-43-30 root.py[line:111] 发送心跳：11
INFO 2020-01-02-10-43-36 root.py[line:111] 发送心跳：11
INFO 2020-01-02-10-43-42 root.py[line:111] 发送心跳：11
INFO 2020-01-02-10-43-48 root.py[line:111] 发送心跳：11
INFO 2020-01-02-10-43-54 root.py[line:111] 发送心跳：11
INFO 2020-01-02-10-44-00 root.py[line:111] 发送心跳：11
INFO 2020-01-02-10-44-06 root.py[line:111] 发送心跳：11
INFO 2020-01-02-10-44-12 root.py[line:111] 发送心跳：11
INFO 2020-01-02-10-44-18 root.py[line:111] 发送心跳：11
INFO 2020-01-02-10-44-24 root.py[line:111] 发送心跳：11
INFO 2020-01-02-10-44-30 root.py[line:111] 发送心跳：11
INFO 2020-01-02-10-44-36 root.py[line:111] 发送心跳：11
INFO 2020-01-02-10-44-42 root.py[line:111] 发送心跳：11
INFO 2020-01-02-10-44-48 root.py[line:111] 发送心跳：11
INFO 2020-01-02-10-44-54 root.py[line:111] 发送心跳：11
INFO 2020-01-02-10-45-00 root.py[line:111] 发送心跳：11
INFO 2020-01-02-10-45-06 root.py[line:111] 发送心跳：11
INFO 2020-01-02-10-45-12 root.py[line:111] 发送心跳：11
INFO 2020-01-02-10-45-18 root.py[line:111] 发送心跳：11
INFO 2020-01-02-10-45-24 root.py[line:111] 发送心跳：11
INFO 2020-01-02-10-45-30 root.py[line:111] 发送心跳：11
INFO 2020-01-02-10-45-36 root.py[line:111] 发送心跳：11
INFO 2020-01-02-10-45-42 root.py[line:111] 发送心跳：11
INFO 2020-01-02-10-45-48 root.py[line:111] 发送心跳：11
INFO 2020-01-02-10-45-54 root.py[line:111] 发送心跳：11
INFO 2020-01-02-10-46-00 root.py[line:111] 发送心跳：11
INFO 2020-01-02-10-46-06 root.py[line:111] 发送心跳：11
INFO 2020-01-02-10-46-12 root.py[line:111] 发送心跳：11
INFO 2020-01-02-10-46-18 root.py[line:111] 发送心跳：11
INFO 2020-01-02-10-46-24 root.py[line:111] 发送心跳：11
INFO 2020-01-02-10-46-30 root.py[line:111] 发送心跳：11
INFO 2020-01-02-10-46-36 root.py[line:111] 发送心跳：11
INFO 2020-01-02-10-46-42 root.py[line:111] 发送心跳：11
INFO 2020-01-02-10-46-48 root.py[line:111] 发送心跳：11
INFO 2020-01-02-10-46-54 root.py[line:111] 发送心跳：11
INFO 2020-01-02-10-47-00 root.py[line:111] 发送心跳：11
INFO 2020-01-02-10-47-06 root.py[line:111] 发送心跳：11
INFO 2020-01-02-10-47-12 root.py[line:111] 发送心跳：11
INFO 2020-01-02-10-47-18 root.py[line:111] 发送心跳：11
INFO 2020-01-02-10-47-24 root.py[line:111] 发送心跳：11
INFO 2020-01-02-10-47-30 root.py[line:111] 发送心跳：11
INFO 2020-01-02-10-47-36 root.py[line:111] 发送心跳：11
INFO 2020-01-02-10-47-42 root.py[line:111] 发送心跳：11
INFO 2020-01-02-10-47-48 root.py[line:111] 发送心跳：11
INFO 2020-01-02-10-47-54 root.py[line:111] 发送心跳：11
INFO 2020-01-02-10-48-00 root.py[line:111] 发送心跳：11
INFO 2020-01-02-10-48-06 root.py[line:111] 发送心跳：11
INFO 2020-01-02-10-48-12 root.py[line:111] 发送心跳：11
INFO 2020-01-02-10-48-18 root.py[line:111] 发送心跳：11
INFO 2020-01-02-10-48-24 root.py[line:111] 发送心跳：11
INFO 2020-01-02-10-48-30 root.py[line:111] 发送心跳：11
INFO 2020-01-02-10-48-36 root.py[line:111] 发送心跳：11
INFO 2020-01-02-10-48-42 root.py[line:111] 发送心跳：11
INFO 2020-01-02-10-48-48 root.py[line:111] 发送心跳：11
INFO 2020-01-02-10-48-55 root.py[line:111] 发送心跳：11
INFO 2020-01-02-10-49-01 root.py[line:111] 发送心跳：11
INFO 2020-01-02-10-49-07 root.py[line:111] 发送心跳：11
INFO 2020-01-02-10-49-13 root.py[line:111] 发送心跳：11
INFO 2020-01-02-10-49-19 root.py[line:111] 发送心跳：11
INFO 2020-01-02-10-49-25 root.py[line:111] 发送心跳：11
INFO 2020-01-02-10-49-31 root.py[line:111] 发送心跳：11
INFO 2020-01-02-10-49-37 root.py[line:111] 发送心跳：11
INFO 2020-01-02-10-49-43 root.py[line:111] 发送心跳：11
INFO 2020-01-02-10-49-49 root.py[line:111] 发送心跳：11
INFO 2020-01-02-10-49-55 root.py[line:111] 发送心跳：11
INFO 2020-01-02-10-50-01 root.py[line:111] 发送心跳：11
INFO 2020-01-02-10-50-07 root.py[line:111] 发送心跳：11
INFO 2020-01-02-10-50-13 root.py[line:111] 发送心跳：11
INFO 2020-01-02-10-50-19 root.py[line:111] 发送心跳：11
INFO 2020-01-02-10-50-25 root.py[line:111] 发送心跳：11
INFO 2020-01-02-10-50-31 root.py[line:111] 发送心跳：11
INFO 2020-01-02-10-50-37 root.py[line:111] 发送心跳：11
INFO 2020-01-02-10-50-43 root.py[line:111] 发送心跳：11
INFO 2020-01-02-10-50-49 root.py[line:111] 发送心跳：11
INFO 2020-01-02-10-50-55 root.py[line:111] 发送心跳：11
INFO 2020-01-02-10-51-01 root.py[line:111] 发送心跳：11
INFO 2020-01-02-10-51-07 root.py[line:111] 发送心跳：11
INFO 2020-01-02-10-51-13 root.py[line:111] 发送心跳：11
INFO 2020-01-02-10-51-19 root.py[line:111] 发送心跳：11
INFO 2020-01-02-10-51-25 root.py[line:111] 发送心跳：11
INFO 2020-01-02-10-51-31 root.py[line:111] 发送心跳：11
INFO 2020-01-02-10-51-37 root.py[line:111] 发送心跳：11
INFO 2020-01-02-10-51-43 root.py[line:111] 发送心跳：11
INFO 2020-01-02-10-51-49 root.py[line:111] 发送心跳：11
INFO 2020-01-02-10-51-55 root.py[line:111] 发送心跳：11
INFO 2020-01-02-10-52-01 root.py[line:111] 发送心跳：11
INFO 2020-01-02-10-52-07 root.py[line:111] 发送心跳：11
INFO 2020-01-02-10-52-13 root.py[line:111] 发送心跳：11
INFO 2020-01-02-10-52-19 root.py[line:111] 发送心跳：11
INFO 2020-01-02-10-52-25 root.py[line:111] 发送心跳：11
INFO 2020-01-02-10-52-31 root.py[line:111] 发送心跳：11
INFO 2020-01-02-10-52-37 root.py[line:111] 发送心跳：11
INFO 2020-01-02-10-52-43 root.py[line:111] 发送心跳：11
INFO 2020-01-02-10-52-49 root.py[line:111] 发送心跳：11
INFO 2020-01-02-10-52-55 root.py[line:111] 发送心跳：11
INFO 2020-01-02-10-53-01 root.py[line:111] 发送心跳：11
INFO 2020-01-02-10-53-07 root.py[line:111] 发送心跳：11
INFO 2020-01-02-10-53-13 root.py[line:111] 发送心跳：11
INFO 2020-01-02-10-53-19 root.py[line:111] 发送心跳：11
INFO 2020-01-02-10-53-25 root.py[line:111] 发送心跳：11
INFO 2020-01-02-10-53-31 root.py[line:111] 发送心跳：11
INFO 2020-01-02-10-53-37 root.py[line:111] 发送心跳：11
INFO 2020-01-02-10-53-43 root.py[line:111] 发送心跳：11
INFO 2020-01-02-10-53-49 root.py[line:111] 发送心跳：11
INFO 2020-01-02-10-53-55 root.py[line:111] 发送心跳：11
INFO 2020-01-02-10-54-01 root.py[line:111] 发送心跳：11
INFO 2020-01-02-10-54-07 root.py[line:111] 发送心跳：11
INFO 2020-01-02-10-54-13 root.py[line:111] 发送心跳：11
INFO 2020-01-02-10-54-19 root.py[line:111] 发送心跳：11
INFO 2020-01-02-10-54-25 root.py[line:111] 发送心跳：11
INFO 2020-01-02-10-54-31 root.py[line:111] 发送心跳：11
INFO 2020-01-02-10-54-37 root.py[line:111] 发送心跳：11
INFO 2020-01-02-10-54-43 root.py[line:111] 发送心跳：11
INFO 2020-01-02-10-54-49 root.py[line:111] 发送心跳：11
INFO 2020-01-02-10-54-55 root.py[line:111] 发送心跳：11
INFO 2020-01-02-10-55-01 root.py[line:111] 发送心跳：11
INFO 2020-01-02-10-55-07 root.py[line:111] 发送心跳：11
INFO 2020-01-02-10-55-13 root.py[line:111] 发送心跳：11
INFO 2020-01-02-10-55-19 root.py[line:111] 发送心跳：11
INFO 2020-01-02-10-55-25 root.py[line:111] 发送心跳：11
INFO 2020-01-02-10-55-31 root.py[line:111] 发送心跳：11
INFO 2020-01-02-10-55-37 root.py[line:111] 发送心跳：11
INFO 2020-01-02-10-55-43 root.py[line:111] 发送心跳：11
INFO 2020-01-02-10-55-49 root.py[line:111] 发送心跳：11
INFO 2020-01-02-10-55-55 root.py[line:111] 发送心跳：11
INFO 2020-01-02-10-56-01 root.py[line:111] 发送心跳：11
INFO 2020-01-02-10-56-07 root.py[line:111] 发送心跳：11
INFO 2020-01-02-10-56-13 root.py[line:111] 发送心跳：11
INFO 2020-01-02-10-56-19 root.py[line:111] 发送心跳：11
INFO 2020-01-02-10-56-25 root.py[line:111] 发送心跳：11
INFO 2020-01-02-10-56-31 root.py[line:111] 发送心跳：11
INFO 2020-01-02-10-56-37 root.py[line:111] 发送心跳：11
INFO 2020-01-02-10-56-43 root.py[line:111] 发送心跳：11
INFO 2020-01-02-10-56-49 root.py[line:111] 发送心跳：11
INFO 2020-01-02-10-56-55 root.py[line:111] 发送心跳：11
INFO 2020-01-02-10-57-01 root.py[line:111] 发送心跳：11
INFO 2020-01-02-10-57-07 root.py[line:111] 发送心跳：11
INFO 2020-01-02-10-57-13 root.py[line:111] 发送心跳：11
INFO 2020-01-02-10-57-19 root.py[line:111] 发送心跳：11
INFO 2020-01-02-10-57-25 root.py[line:111] 发送心跳：11
INFO 2020-01-02-10-57-31 root.py[line:111] 发送心跳：11
INFO 2020-01-02-10-57-37 root.py[line:111] 发送心跳：11
INFO 2020-01-02-10-57-43 root.py[line:111] 发送心跳：11
INFO 2020-01-02-10-57-49 root.py[line:111] 发送心跳：11
INFO 2020-01-02-10-57-55 root.py[line:111] 发送心跳：11
INFO 2020-01-02-10-58-01 root.py[line:111] 发送心跳：11
INFO 2020-01-02-10-58-07 root.py[line:111] 发送心跳：11
INFO 2020-01-02-10-58-13 root.py[line:111] 发送心跳：11
INFO 2020-01-02-10-58-19 root.py[line:111] 发送心跳：11
INFO 2020-01-02-10-58-25 root.py[line:111] 发送心跳：11
INFO 2020-01-02-10-58-31 root.py[line:111] 发送心跳：11
INFO 2020-01-02-10-58-37 root.py[line:111] 发送心跳：11
INFO 2020-01-02-10-58-43 root.py[line:111] 发送心跳：11
INFO 2020-01-02-10-58-49 root.py[line:111] 发送心跳：11
INFO 2020-01-02-10-58-55 root.py[line:111] 发送心跳：11
INFO 2020-01-02-10-59-01 root.py[line:111] 发送心跳：11
INFO 2020-01-02-10-59-07 root.py[line:111] 发送心跳：11
INFO 2020-01-02-10-59-13 root.py[line:111] 发送心跳：11
INFO 2020-01-02-10-59-19 root.py[line:111] 发送心跳：11
INFO 2020-01-02-10-59-25 root.py[line:111] 发送心跳：11
INFO 2020-01-02-10-59-31 root.py[line:111] 发送心跳：11
INFO 2020-01-02-10-59-37 root.py[line:111] 发送心跳：11
INFO 2020-01-02-10-59-43 root.py[line:111] 发送心跳：11
INFO 2020-01-02-10-59-49 root.py[line:111] 发送心跳：11
INFO 2020-01-02-10-59-55 root.py[line:111] 发送心跳：11
INFO 2020-01-02-11-00-01 root.py[line:111] 发送心跳：11
INFO 2020-01-02-11-00-07 root.py[line:111] 发送心跳：11
INFO 2020-01-02-11-00-13 root.py[line:111] 发送心跳：11
INFO 2020-01-02-11-00-19 root.py[line:111] 发送心跳：11
INFO 2020-01-02-11-00-25 root.py[line:111] 发送心跳：11
INFO 2020-01-02-11-00-31 root.py[line:111] 发送心跳：11
INFO 2020-01-02-11-00-37 root.py[line:111] 发送心跳：11
INFO 2020-01-02-11-00-43 root.py[line:111] 发送心跳：11
INFO 2020-01-02-11-00-49 root.py[line:111] 发送心跳：11
INFO 2020-01-02-11-00-55 root.py[line:111] 发送心跳：11
INFO 2020-01-02-11-01-01 root.py[line:111] 发送心跳：11
INFO 2020-01-02-11-01-07 root.py[line:111] 发送心跳：11
INFO 2020-01-02-11-01-13 root.py[line:111] 发送心跳：11
INFO 2020-01-02-11-01-19 root.py[line:111] 发送心跳：11
INFO 2020-01-02-11-01-25 root.py[line:111] 发送心跳：11
INFO 2020-01-02-11-01-31 root.py[line:111] 发送心跳：11
INFO 2020-01-02-11-01-37 root.py[line:111] 发送心跳：11
INFO 2020-01-02-11-01-43 root.py[line:111] 发送心跳：11
INFO 2020-01-02-11-01-49 root.py[line:111] 发送心跳：11
INFO 2020-01-02-11-01-55 root.py[line:111] 发送心跳：11
INFO 2020-01-02-11-02-01 root.py[line:111] 发送心跳：11
INFO 2020-01-02-11-02-07 root.py[line:111] 发送心跳：11
INFO 2020-01-02-11-02-13 root.py[line:111] 发送心跳：11
INFO 2020-01-02-11-02-19 root.py[line:111] 发送心跳：11
INFO 2020-01-02-11-02-25 root.py[line:111] 发送心跳：11
INFO 2020-01-02-11-02-31 root.py[line:111] 发送心跳：11
INFO 2020-01-02-11-02-37 root.py[line:111] 发送心跳：11
INFO 2020-01-02-11-02-43 root.py[line:111] 发送心跳：11
INFO 2020-01-02-11-02-49 root.py[line:111] 发送心跳：11
INFO 2020-01-02-11-02-55 root.py[line:111] 发送心跳：11
INFO 2020-01-02-11-03-01 root.py[line:111] 发送心跳：11
INFO 2020-01-02-11-03-07 root.py[line:111] 发送心跳：11
INFO 2020-01-02-11-03-13 root.py[line:111] 发送心跳：11
INFO 2020-01-02-11-03-19 root.py[line:111] 发送心跳：11
INFO 2020-01-02-11-03-25 root.py[line:111] 发送心跳：11
INFO 2020-01-02-11-03-31 root.py[line:111] 发送心跳：11
INFO 2020-01-02-11-03-37 root.py[line:111] 发送心跳：11
INFO 2020-01-02-11-03-43 root.py[line:111] 发送心跳：11
INFO 2020-01-02-11-03-49 root.py[line:111] 发送心跳：11
INFO 2020-01-02-11-03-55 root.py[line:111] 发送心跳：11
INFO 2020-01-02-11-04-01 root.py[line:111] 发送心跳：11
INFO 2020-01-02-11-04-07 root.py[line:111] 发送心跳：11
INFO 2020-01-02-11-04-13 root.py[line:111] 发送心跳：11
INFO 2020-01-02-11-04-19 root.py[line:111] 发送心跳：11
INFO 2020-01-02-11-04-25 root.py[line:111] 发送心跳：11
INFO 2020-01-02-11-04-31 root.py[line:111] 发送心跳：11
INFO 2020-01-02-11-04-37 root.py[line:111] 发送心跳：11
INFO 2020-01-02-11-04-43 root.py[line:111] 发送心跳：11
INFO 2020-01-02-11-04-50 root.py[line:111] 发送心跳：11
INFO 2020-01-02-11-04-56 root.py[line:111] 发送心跳：11
INFO 2020-01-02-11-05-02 root.py[line:111] 发送心跳：11
INFO 2020-01-02-11-05-08 root.py[line:111] 发送心跳：11
INFO 2020-01-02-11-05-14 root.py[line:111] 发送心跳：11
INFO 2020-01-02-11-05-20 root.py[line:111] 发送心跳：11
INFO 2020-01-02-11-05-26 root.py[line:111] 发送心跳：11
INFO 2020-01-02-11-05-32 root.py[line:111] 发送心跳：11
INFO 2020-01-02-11-05-38 root.py[line:111] 发送心跳：11
INFO 2020-01-02-11-05-44 root.py[line:111] 发送心跳：11
INFO 2020-01-02-11-05-50 root.py[line:111] 发送心跳：11
INFO 2020-01-02-11-05-56 root.py[line:111] 发送心跳：11
INFO 2020-01-02-11-06-02 root.py[line:111] 发送心跳：11
INFO 2020-01-02-11-06-08 root.py[line:111] 发送心跳：11
INFO 2020-01-02-11-06-14 root.py[line:111] 发送心跳：11
INFO 2020-01-02-11-06-20 root.py[line:111] 发送心跳：11
INFO 2020-01-02-11-06-26 root.py[line:111] 发送心跳：11
INFO 2020-01-02-11-06-32 root.py[line:111] 发送心跳：11
INFO 2020-01-02-11-06-38 root.py[line:111] 发送心跳：11
INFO 2020-01-02-11-06-44 root.py[line:111] 发送心跳：11
INFO 2020-01-02-11-06-50 root.py[line:111] 发送心跳：11
INFO 2020-01-02-11-06-56 root.py[line:111] 发送心跳：11
INFO 2020-01-02-11-07-02 root.py[line:111] 发送心跳：11
INFO 2020-01-02-11-07-08 root.py[line:111] 发送心跳：11
INFO 2020-01-02-11-07-14 root.py[line:111] 发送心跳：11
INFO 2020-01-02-11-07-20 root.py[line:111] 发送心跳：11
INFO 2020-01-02-11-07-26 root.py[line:111] 发送心跳：11
INFO 2020-01-02-11-07-32 root.py[line:111] 发送心跳：11
INFO 2020-01-02-11-07-38 root.py[line:111] 发送心跳：11
INFO 2020-01-02-11-07-44 root.py[line:111] 发送心跳：11
INFO 2020-01-02-11-07-50 root.py[line:111] 发送心跳：11
INFO 2020-01-02-11-07-56 root.py[line:111] 发送心跳：11
INFO 2020-01-02-11-08-02 root.py[line:111] 发送心跳：11
INFO 2020-01-02-11-08-08 root.py[line:111] 发送心跳：11
INFO 2020-01-02-11-08-14 root.py[line:111] 发送心跳：11
INFO 2020-01-02-11-08-20 root.py[line:111] 发送心跳：11
INFO 2020-01-02-11-08-26 root.py[line:111] 发送心跳：11
INFO 2020-01-02-11-08-32 root.py[line:111] 发送心跳：11
INFO 2020-01-02-11-08-38 root.py[line:111] 发送心跳：11
INFO 2020-01-02-11-08-44 root.py[line:111] 发送心跳：11
INFO 2020-01-02-11-08-50 root.py[line:111] 发送心跳：11
INFO 2020-01-02-11-08-56 root.py[line:111] 发送心跳：11
INFO 2020-01-02-11-09-02 root.py[line:111] 发送心跳：11
INFO 2020-01-02-11-09-08 root.py[line:111] 发送心跳：11
INFO 2020-01-02-11-09-14 root.py[line:111] 发送心跳：11
INFO 2020-01-02-11-09-20 root.py[line:111] 发送心跳：11
INFO 2020-01-02-11-09-26 root.py[line:111] 发送心跳：11
INFO 2020-01-02-11-09-32 root.py[line:111] 发送心跳：11
INFO 2020-01-02-11-09-38 root.py[line:111] 发送心跳：11
INFO 2020-01-02-11-09-44 root.py[line:111] 发送心跳：11
INFO 2020-01-02-11-09-50 root.py[line:111] 发送心跳：11
INFO 2020-01-02-11-09-56 root.py[line:111] 发送心跳：11
INFO 2020-01-02-11-10-02 root.py[line:111] 发送心跳：11
INFO 2020-01-02-11-10-08 root.py[line:111] 发送心跳：11
INFO 2020-01-02-11-10-14 root.py[line:111] 发送心跳：11
INFO 2020-01-02-11-10-20 root.py[line:111] 发送心跳：11
INFO 2020-01-02-11-10-26 root.py[line:111] 发送心跳：11
INFO 2020-01-02-11-10-32 root.py[line:111] 发送心跳：11
INFO 2020-01-02-11-10-38 root.py[line:111] 发送心跳：11
INFO 2020-01-02-11-10-44 root.py[line:111] 发送心跳：11
INFO 2020-01-02-11-10-50 root.py[line:111] 发送心跳：11
INFO 2020-01-02-11-10-56 root.py[line:111] 发送心跳：11
INFO 2020-01-02-11-11-02 root.py[line:111] 发送心跳：11
ERROR 2020-01-02-11-11-07 root.py[line:165] 获取socket数据失败
INFO 2020-01-02-11-11-07 root.py[line:292] 退出窗口，关闭coms
ERROR 2020-01-02-11-11-08 root.py[line:116] 发送心跳失败
INFO 2020-01-02-11-11-27 root.py[line:195] 读取配置文件：{"register": "3007", "ip": "127.0.0.1", "port": "7007", "useHeartBeat": 1, "heartBeatContent": "11", "heartBeatTime": 6, "status": -2}
INFO 2020-01-02-11-11-34 root.py[line:68] 开始socket线程：socketThread
INFO 2020-01-02-11-11-34 root.py[line:111] 发送心跳：11
INFO 2020-01-02-11-11-34 root.py[line:153] socket连接成功
INFO 2020-01-02-11-11-34 root.py[line:160] COM2打开成功
ERROR 2020-01-02-11-16-10 root.py[line:165] 获取socket数据失败
INFO 2020-01-02-11-16-10 root.py[line:292] 退出窗口，关闭coms
INFO 2020-01-02-11-28-48 root.py[line:196] 读取配置文件：{"register": "3007", "ip": "127.0.0.1", "port": "7007", "useHeartBeat": 1, "heartBeatContent": "11", "heartBeatTime": 600, "status": -2}
INFO 2020-01-02-11-28-57 root.py[line:293] 退出窗口，关闭coms
INFO 2020-01-02-11-29-37 root.py[line:196] 读取配置文件：{"register": "3007", "ip": "127.0.0.1", "port": "7007", "useHeartBeat": 1, "heartBeatContent": "11", "heartBeatTime": 600, "status": -2}
INFO 2020-01-02-11-29-44 root.py[line:293] 退出窗口，关闭coms
INFO 2020-01-02-11-30-29 root.py[line:196] 读取配置文件：{"register": "3007", "ip": "127.0.0.1", "port": "7007", "useHeartBeat": 1, "heartBeatContent": "11", "heartBeatTime": 600, "status": -2}
INFO 2020-01-02-11-33-29 root.py[line:293] 退出窗口，关闭coms
INFO 2020-01-02-11-34-18 root.py[line:196] 读取配置文件：{"register": "3007", "ip": "127.0.0.1", "port": "7007", "useHeartBeat": 1, "heartBeatContent": "11", "heartBeatTime": 600, "status": -2}
INFO 2020-01-02-11-34-21 root.py[line:293] 退出窗口，关闭coms
INFO 2020-01-02-11-41-04 root.py[line:202] 读取配置文件：{"register": "3007", "ip": "127.0.0.1", "port": "7007", "useHeartBeat": 1, "heartBeatContent": "11", "heartBeatTime": 600, "status": -2}
INFO 2020-01-02-11-41-08 root.py[line:299] 退出窗口，关闭coms
INFO 2020-01-02-11-42-39 root.py[line:202] 读取配置文件：{"register": "3007", "ip": "127.0.0.1", "port": "7007", "useHeartBeat": 1, "heartBeatContent": "11", "heartBeatTime": 600, "status": -2}
INFO 2020-01-02-11-42-43 root.py[line:299] 退出窗口，关闭coms
INFO 2020-01-02-11-44-28 root.py[line:202] 读取配置文件：{"register": "3007", "ip": "127.0.0.1", "port": "7007", "useHeartBeat": 1, "heartBeatContent": "11", "heartBeatTime": 600, "status": -2}
INFO 2020-01-02-11-44-31 root.py[line:299] 退出窗口，关闭coms
